<?xml version="1.0" encoding="UTF-8"?>
<!-- Generated by org.testng.reporters.JUnitReportReporter -->
<testsuite skipped="0" hostname="BDC6-DX-6B89NK2" name="com.test.Day4_1" tests="4" failures="0" timestamp="23 Sep 2019 09:07:27 GMT" time="29.312" errors="0">
  <testcase name="testRegistration" time="3.585" classname="com.test.Day4_1"/>
  <testcase name="testLogin" time="1.485" classname="com.test.Day4_1"/>
  <testcase name="testCart" time="12.471" classname="com.test.Day4_1"/>
  <testcase name="testPayment" time="11.771" classname="com.test.Day4_1"/>
</testsuite> <!-- com.test.Day4_1 -->
