<?xml version="1.0" encoding="UTF-8"?>
<!-- Generated by org.testng.reporters.JUnitReportReporter -->
<testsuite skipped="0" hostname="BDC6-DX-6B89NK2" name="com.test.ExtentReport" tests="1" failures="0" timestamp="20 Sep 2019 10:35:16 GMT" time="0.239" errors="0">
  <testcase name="f" time="0.239" classname="com.test.ExtentReport"/>
</testsuite> <!-- com.test.ExtentReport -->
